--- Eureka Position Review ---
SNDK: Price=1641.64, Prev=1589.94, P&L=3.25%
SNXX: Price=206.66, Prev=196.00, P&L=5.44%
State: notified={'OPENING': True, 'DRIFT': True, 'MOM_TP': True}
Decay Cumulative=0.0
Validation: Hedge unwound correctly via Momentum Take Profit (MOM_TP) triggered today.


--- Kelly QP Feedback Loop Audit ---
Date: 2026-05-31 19:57:41 UTC
Tuned Hyperparameters: {'lam': 0.10215756035752789, 'max_weight': 0.09930759099340095}
Objective Value (Growth - Vol Drag): 0.4721
Tuned QP Weights: [0.0993, 0.0993]


--- Kelly QP Feedback Loop Audit ---
Date: 2026-05-31 20:15:25 UTC
Tuned Hyperparameters: {'lam': 0.10215756035752789, 'max_weight': 0.09930759099340095}
Objective Value (Growth - Vol Drag): 0.4721
Tuned QP Weights: [0.0993, 0.0993]

--- Eureka Position Review ---
SNDK: Price=1768.81, Prev=1694.98, P&L=4.36%
SNXX: Price=239.93, Prev=220.00, P&L=9.06%
State: notified={'OPENING': True, 'DRIFT': True, 'MOM_TP': True}
Decay Cumulative=0.0
Validation: Hedge unwound correctly via Momentum Take Profit (MOM_TP) triggered today.


--- Kelly QP Feedback Loop Audit ---
Date: 2026-06-04 01:10:24 UTC
Tuned Hyperparameters: {'lam': 0.10067228164511337, 'max_weight': 0.31348606340319396}
Objective Value (Growth - Vol Drag): 0.5235
Tuned QP Weights: [0.3135, 0.0015]

